[2017-03-27 21:01:14.003] [jointLog] [info] parsing read library format
[2017-03-27 21:01:14.003] [jointLog] [info] There is 1 library.
[2017-03-27 21:01:14.043] [jointLog] [info] Loading Quasi index
[2017-03-27 21:01:14.043] [jointLog] [info] Loading 32-bit quasi index
[2017-03-27 21:01:19.594] [jointLog] [info] done
[2017-03-27 21:01:19.594] [jointLog] [info] Index contained 215647 targets
[2017-03-27 21:02:38.400] [jointLog] [info] Computed 260292 rich equivalence classes for further processing
[2017-03-27 21:02:38.400] [jointLog] [info] Counted 21970378 total reads in the equivalence classes 
[2017-03-27 21:02:38.421] [jointLog] [info] Mapping rate = 96.3242%

[2017-03-27 21:02:38.421] [jointLog] [info] finished quantifyLibrary()
[2017-03-27 21:02:38.444] [jointLog] [info] Starting optimizer
[2017-03-27 21:02:38.400] [fileLog] [info] 
At end of round 0
==================
Observed 22808772 total fragments (22808772 in most recent round)

[2017-03-27 21:02:38.580] [jointLog] [info] Marked 0 weighted equivalence classes as degenerate
[2017-03-27 21:02:38.589] [jointLog] [info] iteration = 0 | max rel diff. = 45.4067
[2017-03-27 21:02:38.674] [jointLog] [info] iteration 11, adjusting effective lengths to account for biases
[2017-03-27 21:06:42.794] [jointLog] [info] Computed expected counts (for bias correction)
[2017-03-27 21:06:42.794] [jointLog] [info] processed bias for 0.0% of the transcripts
[2017-03-27 21:07:13.810] [jointLog] [info] processed bias for 10.0% of the transcripts
[2017-03-27 21:07:45.651] [jointLog] [info] processed bias for 20.0% of the transcripts
[2017-03-27 21:08:19.064] [jointLog] [info] processed bias for 30.0% of the transcripts
[2017-03-27 21:08:48.685] [jointLog] [info] processed bias for 40.0% of the transcripts
[2017-03-27 21:09:15.378] [jointLog] [info] processed bias for 50.0% of the transcripts
[2017-03-27 21:09:39.581] [jointLog] [info] processed bias for 60.0% of the transcripts
[2017-03-27 21:09:45.947] [jointLog] [info] processed bias for 100.0% of the transcripts
[2017-03-27 21:09:46.630] [jointLog] [info] iteration = 100 | max rel diff. = 0.418131
[2017-03-27 21:09:47.358] [jointLog] [info] iteration = 200 | max rel diff. = 0.134805
[2017-03-27 21:09:48.082] [jointLog] [info] iteration = 300 | max rel diff. = 0.094964
[2017-03-27 21:09:48.806] [jointLog] [info] iteration = 400 | max rel diff. = 0.0442916
[2017-03-27 21:09:49.532] [jointLog] [info] iteration = 500 | max rel diff. = 0.0446194
[2017-03-27 21:09:50.261] [jointLog] [info] iteration = 600 | max rel diff. = 0.0298102
[2017-03-27 21:09:50.989] [jointLog] [info] iteration = 700 | max rel diff. = 0.0219147
[2017-03-27 21:09:51.718] [jointLog] [info] iteration = 800 | max rel diff. = 0.0209105
[2017-03-27 21:09:52.449] [jointLog] [info] iteration = 900 | max rel diff. = 0.0208873
[2017-03-27 21:09:53.182] [jointLog] [info] iteration = 1000 | max rel diff. = 0.0206474
[2017-03-27 21:09:53.917] [jointLog] [info] iteration = 1100 | max rel diff. = 0.0188654
[2017-03-27 21:09:54.653] [jointLog] [info] iteration = 1200 | max rel diff. = 0.0124214
[2017-03-27 21:09:55.392] [jointLog] [info] iteration = 1300 | max rel diff. = 0.011151
[2017-03-27 21:09:55.769] [jointLog] [info] iteration = 1352 | max rel diff. = 0.00997766
[2017-03-27 21:09:55.778] [jointLog] [info] Finished optimizer
[2017-03-27 21:09:55.778] [jointLog] [info] writing output 

[2017-03-27 21:09:56.043] [jointLog] [warning] NOTE: Read Lib [( /homes/users/jtrincado/scratch/Master_class/fastqs/SRR1513334_1.fastq, /homes/users/jtrincado/scratch/Master_class/fastqs/SRR1513334_2.fastq )] :

Greater than 5% of the fragments disagreed with the provided library type; check the file: /homes/users/jtrincado/scratch/Master_class/Salmon/SRR1513334/lib_format_counts.json for details

