[2017-03-27 21:01:13.909] [jointLog] [info] parsing read library format
[2017-03-27 21:01:13.909] [jointLog] [info] There is 1 library.
[2017-03-27 21:01:13.958] [jointLog] [info] Loading Quasi index
[2017-03-27 21:01:13.959] [jointLog] [info] Loading 32-bit quasi index
[2017-03-27 21:01:19.721] [jointLog] [info] done
[2017-03-27 21:01:19.721] [jointLog] [info] Index contained 215647 targets
[2017-03-27 21:02:41.355] [jointLog] [info] Computed 259121 rich equivalence classes for further processing
[2017-03-27 21:02:41.355] [jointLog] [info] Counted 23152850 total reads in the equivalence classes 
[2017-03-27 21:02:41.377] [jointLog] [info] Mapping rate = 96.3104%

[2017-03-27 21:02:41.377] [jointLog] [info] finished quantifyLibrary()
[2017-03-27 21:02:41.381] [jointLog] [info] Starting optimizer
[2017-03-27 21:02:41.355] [fileLog] [info] 
At end of round 0
==================
Observed 24039822 total fragments (24039822 in most recent round)

[2017-03-27 21:02:41.516] [jointLog] [info] Marked 0 weighted equivalence classes as degenerate
[2017-03-27 21:02:41.525] [jointLog] [info] iteration = 0 | max rel diff. = 50.5159
[2017-03-27 21:02:41.613] [jointLog] [info] iteration 11, adjusting effective lengths to account for biases
[2017-03-27 21:06:59.423] [jointLog] [info] Computed expected counts (for bias correction)
[2017-03-27 21:06:59.424] [jointLog] [info] processed bias for 0.0% of the transcripts
[2017-03-27 21:07:24.958] [jointLog] [info] processed bias for 10.0% of the transcripts
[2017-03-27 21:07:51.320] [jointLog] [info] processed bias for 20.0% of the transcripts
[2017-03-27 21:08:16.278] [jointLog] [info] processed bias for 30.0% of the transcripts
[2017-03-27 21:08:41.113] [jointLog] [info] processed bias for 40.0% of the transcripts
[2017-03-27 21:09:19.430] [jointLog] [info] processed bias for 50.0% of the transcripts
[2017-03-27 21:10:07.172] [jointLog] [info] processed bias for 60.0% of the transcripts
[2017-03-27 21:10:13.217] [jointLog] [info] processed bias for 100.0% of the transcripts
[2017-03-27 21:10:13.893] [jointLog] [info] iteration = 100 | max rel diff. = 0.297807
[2017-03-27 21:10:14.614] [jointLog] [info] iteration = 200 | max rel diff. = 0.155523
[2017-03-27 21:10:15.333] [jointLog] [info] iteration = 300 | max rel diff. = 0.0972755
[2017-03-27 21:10:16.052] [jointLog] [info] iteration = 400 | max rel diff. = 0.0362455
[2017-03-27 21:10:16.773] [jointLog] [info] iteration = 500 | max rel diff. = 0.0317032
[2017-03-27 21:10:17.495] [jointLog] [info] iteration = 600 | max rel diff. = 0.0623171
[2017-03-27 21:10:18.219] [jointLog] [info] iteration = 700 | max rel diff. = 0.0241754
[2017-03-27 21:10:18.943] [jointLog] [info] iteration = 800 | max rel diff. = 0.0245177
[2017-03-27 21:10:19.670] [jointLog] [info] iteration = 900 | max rel diff. = 0.0139552
[2017-03-27 21:10:20.396] [jointLog] [info] iteration = 1000 | max rel diff. = 0.0221553
[2017-03-27 21:10:21.124] [jointLog] [info] iteration = 1100 | max rel diff. = 0.0149422
[2017-03-27 21:10:21.856] [jointLog] [info] iteration = 1200 | max rel diff. = 0.0132021
[2017-03-27 21:10:22.406] [jointLog] [info] iteration = 1276 | max rel diff. = 0.00997213
[2017-03-27 21:10:22.415] [jointLog] [info] Finished optimizer
[2017-03-27 21:10:22.415] [jointLog] [info] writing output 

[2017-03-27 21:10:22.684] [jointLog] [warning] NOTE: Read Lib [( /homes/users/jtrincado/scratch/Master_class/fastqs/SRR1513331_1.fastq, /homes/users/jtrincado/scratch/Master_class/fastqs/SRR1513331_2.fastq )] :

Greater than 5% of the fragments disagreed with the provided library type; check the file: /homes/users/jtrincado/scratch/Master_class/Salmon/SRR1513331/lib_format_counts.json for details

