[2017-03-27 21:01:13.983] [jointLog] [info] parsing read library format
[2017-03-27 21:01:13.983] [jointLog] [info] There is 1 library.
[2017-03-27 21:01:14.022] [jointLog] [info] Loading Quasi index
[2017-03-27 21:01:14.022] [jointLog] [info] Loading 32-bit quasi index
[2017-03-27 21:01:19.605] [jointLog] [info] done
[2017-03-27 21:01:19.605] [jointLog] [info] Index contained 215647 targets
[2017-03-27 21:02:40.378] [jointLog] [info] Computed 271682 rich equivalence classes for further processing
[2017-03-27 21:02:40.378] [jointLog] [info] Counted 22577950 total reads in the equivalence classes 
[2017-03-27 21:02:40.402] [jointLog] [info] Mapping rate = 96.1741%

[2017-03-27 21:02:40.402] [jointLog] [info] finished quantifyLibrary()
[2017-03-27 21:02:40.416] [jointLog] [info] Starting optimizer
[2017-03-27 21:02:40.556] [jointLog] [info] Marked 0 weighted equivalence classes as degenerate
[2017-03-27 21:02:40.378] [fileLog] [info] 
At end of round 0
==================
Observed 23476126 total fragments (23476126 in most recent round)

[2017-03-27 21:02:40.566] [jointLog] [info] iteration = 0 | max rel diff. = 47.6241
[2017-03-27 21:02:40.655] [jointLog] [info] iteration 11, adjusting effective lengths to account for biases
[2017-03-27 21:07:18.490] [jointLog] [info] Computed expected counts (for bias correction)
[2017-03-27 21:07:18.490] [jointLog] [info] processed bias for 0.0% of the transcripts
[2017-03-27 21:07:49.625] [jointLog] [info] processed bias for 10.0% of the transcripts
[2017-03-27 21:08:20.924] [jointLog] [info] processed bias for 20.0% of the transcripts
[2017-03-27 21:08:57.128] [jointLog] [info] processed bias for 30.0% of the transcripts
[2017-03-27 21:09:32.102] [jointLog] [info] processed bias for 40.0% of the transcripts
[2017-03-27 21:10:07.726] [jointLog] [info] processed bias for 50.0% of the transcripts
[2017-03-27 21:10:37.345] [jointLog] [info] processed bias for 60.0% of the transcripts
[2017-03-27 21:10:47.327] [jointLog] [info] processed bias for 100.0% of the transcripts
[2017-03-27 21:10:48.035] [jointLog] [info] iteration = 100 | max rel diff. = 0.253467
[2017-03-27 21:10:48.789] [jointLog] [info] iteration = 200 | max rel diff. = 0.149924
[2017-03-27 21:10:49.540] [jointLog] [info] iteration = 300 | max rel diff. = 0.0854231
[2017-03-27 21:10:50.291] [jointLog] [info] iteration = 400 | max rel diff. = 0.0368128
[2017-03-27 21:10:51.044] [jointLog] [info] iteration = 500 | max rel diff. = 0.0315184
[2017-03-27 21:10:51.799] [jointLog] [info] iteration = 600 | max rel diff. = 0.0362308
[2017-03-27 21:10:52.554] [jointLog] [info] iteration = 700 | max rel diff. = 0.0584265
[2017-03-27 21:10:53.310] [jointLog] [info] iteration = 800 | max rel diff. = 0.0190208
[2017-03-27 21:10:54.067] [jointLog] [info] iteration = 900 | max rel diff. = 0.0182238
[2017-03-27 21:10:54.827] [jointLog] [info] iteration = 1000 | max rel diff. = 0.0169618
[2017-03-27 21:10:55.590] [jointLog] [info] iteration = 1100 | max rel diff. = 0.0161118
[2017-03-27 21:10:56.354] [jointLog] [info] iteration = 1200 | max rel diff. = 0.0148112
[2017-03-27 21:10:56.906] [jointLog] [info] iteration = 1273 | max rel diff. = 0.009953
[2017-03-27 21:10:56.915] [jointLog] [info] Finished optimizer
[2017-03-27 21:10:56.915] [jointLog] [info] writing output 

[2017-03-27 21:10:57.183] [jointLog] [warning] NOTE: Read Lib [( /homes/users/jtrincado/scratch/Master_class/fastqs/SRR1513332_1.fastq, /homes/users/jtrincado/scratch/Master_class/fastqs/SRR1513332_2.fastq )] :

Greater than 5% of the fragments disagreed with the provided library type; check the file: /homes/users/jtrincado/scratch/Master_class/Salmon/SRR1513332/lib_format_counts.json for details

