[2017-03-27 21:01:13.961] [jointLog] [info] parsing read library format
[2017-03-27 21:01:13.961] [jointLog] [info] There is 1 library.
[2017-03-27 21:01:14.010] [jointLog] [info] Loading Quasi index
[2017-03-27 21:01:14.011] [jointLog] [info] Loading 32-bit quasi index
[2017-03-27 21:01:19.729] [jointLog] [info] done
[2017-03-27 21:01:19.729] [jointLog] [info] Index contained 215647 targets
[2017-03-27 21:02:47.356] [fileLog] [info] 
At end of round 0
==================
Observed 25570233 total fragments (25570233 in most recent round)

[2017-03-27 21:02:47.355] [jointLog] [info] Computed 271909 rich equivalence classes for further processing
[2017-03-27 21:02:47.355] [jointLog] [info] Counted 24608032 total reads in the equivalence classes 
[2017-03-27 21:02:47.379] [jointLog] [info] Mapping rate = 96.237%

[2017-03-27 21:02:47.379] [jointLog] [info] finished quantifyLibrary()
[2017-03-27 21:02:47.382] [jointLog] [info] Starting optimizer
[2017-03-27 21:02:47.519] [jointLog] [info] Marked 0 weighted equivalence classes as degenerate
[2017-03-27 21:02:47.529] [jointLog] [info] iteration = 0 | max rel diff. = 50.1467
[2017-03-27 21:02:47.618] [jointLog] [info] iteration 11, adjusting effective lengths to account for biases
[2017-03-27 21:07:17.299] [jointLog] [info] Computed expected counts (for bias correction)
[2017-03-27 21:07:17.299] [jointLog] [info] processed bias for 0.0% of the transcripts
[2017-03-27 21:07:41.651] [jointLog] [info] processed bias for 10.0% of the transcripts
[2017-03-27 21:08:05.817] [jointLog] [info] processed bias for 20.0% of the transcripts
[2017-03-27 21:08:33.513] [jointLog] [info] processed bias for 30.0% of the transcripts
[2017-03-27 21:09:07.914] [jointLog] [info] processed bias for 40.0% of the transcripts
[2017-03-27 21:09:46.105] [jointLog] [info] processed bias for 50.0% of the transcripts
[2017-03-27 21:10:29.754] [jointLog] [info] processed bias for 60.0% of the transcripts
[2017-03-27 21:10:39.864] [jointLog] [info] processed bias for 100.0% of the transcripts
[2017-03-27 21:10:40.564] [jointLog] [info] iteration = 100 | max rel diff. = 0.331675
[2017-03-27 21:10:41.313] [jointLog] [info] iteration = 200 | max rel diff. = 0.130783
[2017-03-27 21:10:42.060] [jointLog] [info] iteration = 300 | max rel diff. = 0.060695
[2017-03-27 21:10:42.807] [jointLog] [info] iteration = 400 | max rel diff. = 0.052115
[2017-03-27 21:10:43.556] [jointLog] [info] iteration = 500 | max rel diff. = 0.038766
[2017-03-27 21:10:44.306] [jointLog] [info] iteration = 600 | max rel diff. = 0.039496
[2017-03-27 21:10:45.057] [jointLog] [info] iteration = 700 | max rel diff. = 0.0273761
[2017-03-27 21:10:45.810] [jointLog] [info] iteration = 800 | max rel diff. = 0.023642
[2017-03-27 21:10:46.564] [jointLog] [info] iteration = 900 | max rel diff. = 0.0193158
[2017-03-27 21:10:47.319] [jointLog] [info] iteration = 1000 | max rel diff. = 0.0185425
[2017-03-27 21:10:48.078] [jointLog] [info] iteration = 1100 | max rel diff. = 0.0109928
[2017-03-27 21:10:48.503] [jointLog] [info] iteration = 1157 | max rel diff. = 0.0094544
[2017-03-27 21:10:48.513] [jointLog] [info] Finished optimizer
[2017-03-27 21:10:48.513] [jointLog] [info] writing output 

[2017-03-27 21:10:48.789] [jointLog] [warning] NOTE: Read Lib [( /homes/users/jtrincado/scratch/Master_class/fastqs/SRR1513333_1.fastq, /homes/users/jtrincado/scratch/Master_class/fastqs/SRR1513333_2.fastq )] :

Greater than 5% of the fragments disagreed with the provided library type; check the file: /homes/users/jtrincado/scratch/Master_class/Salmon/SRR1513333/lib_format_counts.json for details

