[2017-03-27 21:01:12.992] [jointLog] [info] parsing read library format
[2017-03-27 21:01:12.992] [jointLog] [info] There is 1 library.
[2017-03-27 21:01:13.044] [jointLog] [info] Loading Quasi index
[2017-03-27 21:01:13.046] [jointLog] [info] Loading 32-bit quasi index
[2017-03-27 21:01:18.621] [jointLog] [info] done
[2017-03-27 21:01:18.621] [jointLog] [info] Index contained 215647 targets
[2017-03-27 21:02:34.033] [jointLog] [info] Computed 255990 rich equivalence classes for further processing
[2017-03-27 21:02:34.033] [jointLog] [info] Counted 21378357 total reads in the equivalence classes 
[2017-03-27 21:02:34.056] [jointLog] [info] Mapping rate = 96.4113%

[2017-03-27 21:02:34.056] [jointLog] [info] finished quantifyLibrary()
[2017-03-27 21:02:34.068] [jointLog] [info] Starting optimizer
[2017-03-27 21:02:34.034] [fileLog] [info] 
At end of round 0
==================
Observed 22174120 total fragments (22174120 in most recent round)

[2017-03-27 21:02:34.302] [jointLog] [info] Marked 0 weighted equivalence classes as degenerate
[2017-03-27 21:02:34.312] [jointLog] [info] iteration = 0 | max rel diff. = 48.6243
[2017-03-27 21:02:34.400] [jointLog] [info] iteration 11, adjusting effective lengths to account for biases
[2017-03-27 21:06:30.326] [jointLog] [info] Computed expected counts (for bias correction)
[2017-03-27 21:06:30.326] [jointLog] [info] processed bias for 0.0% of the transcripts
[2017-03-27 21:06:56.351] [jointLog] [info] processed bias for 10.0% of the transcripts
[2017-03-27 21:07:20.873] [jointLog] [info] processed bias for 20.0% of the transcripts
[2017-03-27 21:07:47.487] [jointLog] [info] processed bias for 30.0% of the transcripts
[2017-03-27 21:08:15.945] [jointLog] [info] processed bias for 40.0% of the transcripts
[2017-03-27 21:08:55.170] [jointLog] [info] processed bias for 50.0% of the transcripts
[2017-03-27 21:09:49.929] [jointLog] [info] processed bias for 60.0% of the transcripts
[2017-03-27 21:09:54.329] [jointLog] [info] processed bias for 100.0% of the transcripts
[2017-03-27 21:09:54.990] [jointLog] [info] iteration = 100 | max rel diff. = 0.337148
[2017-03-27 21:09:55.703] [jointLog] [info] iteration = 200 | max rel diff. = 0.126855
[2017-03-27 21:09:56.413] [jointLog] [info] iteration = 300 | max rel diff. = 0.0699803
[2017-03-27 21:09:57.124] [jointLog] [info] iteration = 400 | max rel diff. = 0.072461
[2017-03-27 21:09:57.837] [jointLog] [info] iteration = 500 | max rel diff. = 0.0342144
[2017-03-27 21:09:58.551] [jointLog] [info] iteration = 600 | max rel diff. = 0.0330596
[2017-03-27 21:09:59.266] [jointLog] [info] iteration = 700 | max rel diff. = 0.0221085
[2017-03-27 21:09:59.982] [jointLog] [info] iteration = 800 | max rel diff. = 0.0210636
[2017-03-27 21:10:00.699] [jointLog] [info] iteration = 900 | max rel diff. = 0.0192605
[2017-03-27 21:10:01.420] [jointLog] [info] iteration = 1000 | max rel diff. = 0.015472
[2017-03-27 21:10:02.141] [jointLog] [info] iteration = 1100 | max rel diff. = 0.0144695
[2017-03-27 21:10:02.865] [jointLog] [info] iteration = 1200 | max rel diff. = 0.0128635
[2017-03-27 21:10:03.592] [jointLog] [info] iteration = 1300 | max rel diff. = 0.0181833
[2017-03-27 21:10:04.321] [jointLog] [info] iteration = 1400 | max rel diff. = 0.0161149
[2017-03-27 21:10:05.052] [jointLog] [info] iteration = 1500 | max rel diff. = 0.011561
[2017-03-27 21:10:05.786] [jointLog] [info] iteration = 1600 | max rel diff. = 0.0162555
[2017-03-27 21:10:06.524] [jointLog] [info] iteration = 1700 | max rel diff. = 0.018405
[2017-03-27 21:10:06.873] [jointLog] [info] iteration = 1748 | max rel diff. = 0.00949107
[2017-03-27 21:10:06.882] [jointLog] [info] Finished optimizer
[2017-03-27 21:10:06.882] [jointLog] [info] writing output 

[2017-03-27 21:10:07.148] [jointLog] [warning] NOTE: Read Lib [( /homes/users/jtrincado/scratch/Master_class/fastqs/SRR1513330_1.fastq, /homes/users/jtrincado/scratch/Master_class/fastqs/SRR1513330_2.fastq )] :

Greater than 5% of the fragments disagreed with the provided library type; check the file: /homes/users/jtrincado/scratch/Master_class/Salmon/SRR1513330/lib_format_counts.json for details

